<?xml version="1.0" encoding="UTF-8"?>
<testng-results ignored="0" total="1" passed="1" failed="0" skipped="0">
  <reporter-output>
  </reporter-output>
  <suite started-at="2024-12-13T10:03:21Z" name="Default suite" finished-at="2024-12-13T10:03:35Z" duration-ms="13810">
    <groups>
    </groups>
    <test started-at="2024-12-13T10:03:21Z" name="Default test" finished-at="2024-12-13T10:03:35Z" duration-ms="13810">
      <class name="Tests.BookAppointment">
        <test-method is-config="true" signature="setUp()[pri:0, instance:Tests.BookAppointment@3d484181]" started-at="2024-12-13T15:33:21Z" name="setUp" finished-at="2024-12-13T15:33:29Z" duration-ms="8746" status="PASS">
          <reporter-output>
          </reporter-output>
        </test-method> <!-- setUp -->
        <test-method signature="bookAppointment()[pri:0, instance:Tests.BookAppointment@3d484181]" started-at="2024-12-13T15:33:30Z" name="bookAppointment" finished-at="2024-12-13T15:33:34Z" duration-ms="4833" status="PASS">
          <reporter-output>
          </reporter-output>
        </test-method> <!-- bookAppointment -->
        <test-method is-config="true" signature="close()[pri:0, instance:Tests.BookAppointment@3d484181]" started-at="2024-12-13T15:33:35Z" name="close" finished-at="2024-12-13T15:33:35Z" duration-ms="2" status="PASS">
          <reporter-output>
          </reporter-output>
        </test-method> <!-- close -->
      </class> <!-- Tests.BookAppointment -->
    </test> <!-- Default test -->
  </suite> <!-- Default suite -->
</testng-results>
